2023.08.18 15:08:19 INFO  Started: Metals version 1.0.0 in folders 'C:\Users\Davi Mendes Valente\Documents\estudos\html-css\exercicios\ex021' for client Visual Studio Code 1.81.1.
ago 18, 2023 3:08:20 PM org.flywaydb.core.internal.license.VersionPrinter printVersionOnly
INFORMA합ES: Flyway Community Edition 9.20.1 by Redgate
ago 18, 2023 3:08:20 PM org.flywaydb.core.internal.license.VersionPrinter printVersion
INFORMA합ES: See release notes here: https://rd.gt/416ObMi
ago 18, 2023 3:08:20 PM org.flywaydb.core.internal.license.VersionPrinter printVersion
INFORMA합ES: 
ago 18, 2023 3:08:20 PM org.flywaydb.core.internal.database.base.BaseDatabaseType createDatabase
INFORMA합ES: Database: jdbc:h2:file:C:\Users\Davi Mendes Valente\Documents\estudos\html-css\exercicios\ex021\.metals\metals (H2 2.1)
ago 18, 2023 3:08:20 PM org.flywaydb.core.internal.schemahistory.JdbcTableSchemaHistory allAppliedMigrations
INFORMA합ES: Schema history table "PUBLIC"."flyway_schema_history" does not exist yet
ago 18, 2023 3:08:20 PM org.flywaydb.core.internal.command.DbValidate validate
INFORMA합ES: Successfully validated 4 migrations (execution time 00:00.016s)
ago 18, 2023 3:08:20 PM org.flywaydb.core.internal.schemahistory.JdbcTableSchemaHistory create
INFORMA합ES: Creating Schema History table "PUBLIC"."flyway_schema_history" ...
ago 18, 2023 3:08:20 PM org.flywaydb.core.internal.command.DbMigrate migrateGroup
INFORMA합ES: Current version of schema "PUBLIC": << Empty Schema >>
ago 18, 2023 3:08:20 PM org.flywaydb.core.internal.command.DbMigrate doMigrateGroup
INFORMA합ES: Migrating schema "PUBLIC" to version "1 - Create tables"
ago 18, 2023 3:08:20 PM org.flywaydb.core.internal.command.DbMigrate doMigrateGroup
INFORMA합ES: Migrating schema "PUBLIC" to version "2 - Server discovery"
ago 18, 2023 3:08:20 PM org.flywaydb.core.internal.command.DbMigrate doMigrateGroup
INFORMA합ES: Migrating schema "PUBLIC" to version "3 - Jar symbols"
ago 18, 2023 3:08:20 PM org.flywaydb.core.internal.command.DbMigrate doMigrateGroup
INFORMA합ES: Migrating schema "PUBLIC" to version "4 - Fingerprints"
ago 18, 2023 3:08:20 PM org.flywaydb.core.internal.command.DbMigrate logSummary
INFORMA합ES: Successfully applied 4 migrations to schema "PUBLIC", now at version v4 (execution time 00:00.030s)
2023.08.18 15:08:20 INFO  time: initialize in 0.76s
2023.08.18 15:08:20 WARN  Build server is not auto-connectable.
2023.08.18 15:08:20 WARN  no build tool detected in workspace 'C:\Users\Davi Mendes Valente\Documents\estudos\html-css\exercicios\ex021'. The most common cause for this problem is that the editor was opened in the wrong working directory, for example if you use sbt then the workspace directory should contain build.sbt. 
2023.08.18 15:20:10 INFO  Shutting down server
2023.08.18 15:20:10 INFO  shutting down Metals
2023.08.18 15:20:10 INFO  Exiting server
